[debug] [2020-08-30T10:32:14.662Z] ----------------------------------------------------------------------
[debug] [2020-08-30T10:32:14.665Z] Command:       /usr/local/bin/node /usr/local/bin/firebase init
[debug] [2020-08-30T10:32:14.665Z] CLI Version:   8.9.2
[debug] [2020-08-30T10:32:14.665Z] Platform:      linux
[debug] [2020-08-30T10:32:14.665Z] Node Version:  v12.16.3
[debug] [2020-08-30T10:32:14.666Z] Time:          Sun Aug 30 2020 16:02:14 GMT+0530 (India Standard Time)
[debug] [2020-08-30T10:32:14.666Z] ----------------------------------------------------------------------
[debug] [2020-08-30T10:32:14.666Z] 
[debug] [2020-08-30T10:32:14.670Z] > command requires scopes: ["email","openid","https://www.googleapis.com/auth/cloudplatformprojects.readonly","https://www.googleapis.com/auth/firebase","https://www.googleapis.com/auth/cloud-platform"]
[debug] [2020-08-30T10:32:14.671Z] > authorizing via signed-in user
[info] 
     ######## #### ########  ######## ########     ###     ######  ########
     ##        ##  ##     ## ##       ##     ##  ##   ##  ##       ##
     ######    ##  ########  ######   ########  #########  ######  ######
     ##        ##  ##    ##  ##       ##     ## ##     ##       ## ##
     ##       #### ##     ## ######## ########  ##     ##  ######  ########

You're about to initialize a Firebase project in this directory:

  /home/nineleaps/Desktop/Currency Converter/currency-converter

[info] 
=== Project Setup
[info] 
[info] First, let's associate this project directory with a Firebase project.
[info] You can create multiple project aliases by running firebase use --add, 
[info] but for now we'll just set up a default project.
[info] 
